<?xml version="1.0" encoding="UTF-8" ?>
<testsuite tests="5" failures="0" name="com.automationpractice.unitTests.testRunner" time="5.43" errors="0" skipped="0">
  <properties>
[...]
</properties>
  <testcase classname="Scenario: add &quot;Printed Chiffon Dress&quot; to cart" name="Given I am on the &quot;Summer_Dresses&quot; page" time="0.029"/>
  <testcase classname="Scenario: add &quot;Printed Chiffon Dress&quot; to cart" name="When I add &quot;Printed Chiffon Dress&quot; into cart" time="0"/>
  <testcase classname="Scenario: add &quot;Printed Chiffon Dress&quot; to cart" name="Then I should see the info window &quot;Product successfully added to your shopping cart&quot;" time="0"/>
  <testcase classname="Scenario: add &quot;Printed Chiffon Dress&quot; to cart" name="And &quot;1&quot; such item is added to card" time="0"/>
  <testcase classname="Scenario: add &quot;Printed Chiffon Dress&quot; to cart" name="Scenario: add &quot;Printed Chiffon Dress&quot; to cart" time="5.401"/>
</testsuite>